# JRE version: OpenJDK Runtime Environment Temurin-25.0.1+8 (25.0.1+8) (build 25.0.1+8-LTS)
# Java VM: OpenJDK 64-Bit Server VM Temurin-25.0.1+8 (25.0.1+8-LTS, mixed mode, sharing, tiered, compressed oops, compressed class ptrs, g1 gc, windows-amd64)
GC Precious Log:
 CardTable entry size: 512
 Card Set container configuration: InlinePtr #cards 5 size 8 Array Of Cards #cards 10 size 36 Howl #buckets 4 coarsen threshold 1843 Howl Bitmap #cards 512 size 80 coarsen threshold 460 Card regions per heap region 1 cards per card region 2048
 CPUs: 4 total, 4 available
 Memory: 7917M
 Large Page Support: Disabled
 NUMA Support: Disabled
 Compressed Oops: Enabled (32-bit)
 Heap Region Size: 1M
 Heap Min Capacity: 8M
 Heap Initial Capacity: 124M
 Heap Max Capacity: 1980M
 Pre-touch: Disabled
 Parallel Workers: 4
 Concurrent Workers: 1
 Concurrent Refinement Workers: 4
 Periodic GC: Disabled
Heap:
 garbage-first heap   total reserved 2027520K, committed 71680K, used 37285K [0x0000000084400000, 0x0000000100000000)
  region size 1024K, 6 young (6144K), 3 survivors (3072K)
GC Heap Usage History (20 events):
Event: 6.000 {heap Before GC invocations=4 (full 0):
 garbage-first heap   total reserved 2027520K, committed 48128K, used 46183K [0x0000000084400000, 0x0000000100000000)
  region size 1024K, 41 young (41984K), 8 survivors (8192K)
}
Event: 6.018 {heap After GC invocations=5 (full 0):
 garbage-first heap   total reserved 2027520K, committed 59392K, used 15213K [0x0000000084400000, 0x0000000100000000)
  region size 1024K, 7 young (7168K), 7 survivors (7168K)
}
Event: 6.745 {heap Before GC invocations=5 (full 0):
 garbage-first heap   total reserved 2027520K, committed 59392K, used 41837K [0x0000000084400000, 0x0000000100000000)
  region size 1024K, 33 young (33792K), 7 survivors (7168K)
}
Event: 6.756 {heap After GC invocations=6 (full 0):
 garbage-first heap   total reserved 2027520K, committed 59392K, used 16089K [0x0000000084400000, 0x0000000100000000)
  region size 1024K, 2 young (2048K), 2 survivors (2048K)
}
Event: 7.437 {heap Before GC invocations=6 (full 0):
 garbage-first heap   total reserved 2027520K, committed 59392K, used 48857K [0x0000000084400000, 0x0000000100000000)
  region size 1024K, 30 young (30720K), 2 survivors (2048K)
}
Event: 7.447 {heap After GC invocations=7 (full 0):
 garbage-first heap   total reserved 2027520K, committed 59392K, used 25305K [0x0000000084400000, 0x0000000100000000)
  region size 1024K, 4 young (4096K), 4 survivors (4096K)
}
Event: 8.181 {heap Before GC invocations=7 (full 0):
 garbage-first heap   total reserved 2027520K, committed 59392K, used 45785K [0x0000000084400000, 0x0000000100000000)
  region size 1024K, 24 young (24576K), 4 survivors (4096K)
}
Event: 8.193 {heap After GC invocations=8 (full 0):
 garbage-first heap   total reserved 2027520K, committed 59392K, used 30665K [0x0000000084400000, 0x0000000100000000)
  region size 1024K, 3 young (3072K), 3 survivors (3072K)
}
Event: 8.434 {heap Before GC invocations=8 (full 0):
 garbage-first heap   total reserved 2027520K, committed 59392K, used 47049K [0x0000000084400000, 0x0000000100000000)
  region size 1024K, 19 young (19456K), 3 survivors (3072K)
}
Event: 8.446 {heap After GC invocations=9 (full 0):
 garbage-first heap   total reserved 2027520K, committed 71680K, used 34009K [0x0000000084400000, 0x0000000100000000)
  region size 1024K, 3 young (3072K), 3 survivors (3072K)
}
Event: 9.279 {heap Before GC invocations=10 (full 0):
 garbage-first heap   total reserved 2027520K, committed 71680K, used 55513K [0x0000000084400000, 0x0000000100000000)
  region size 1024K, 26 young (26624K), 3 survivors (3072K)
}
Event: 9.291 {heap After GC invocations=11 (full 0):
 garbage-first heap   total reserved 2027520K, committed 71680K, used 34567K [0x0000000084400000, 0x0000000100000000)
  region size 1024K, 3 young (3072K), 3 survivors (3072K)
}
Event: 10.852 {heap Before GC invocations=11 (full 0):
 garbage-first heap   total reserved 2027520K, committed 71680K, used 57095K [0x0000000084400000, 0x0000000100000000)
  region size 1024K, 26 young (26624K), 3 survivors (3072K)
}
Event: 10.859 {heap After GC invocations=12 (full 0):
 garbage-first heap   total reserved 2027520K, committed 71680K, used 34735K [0x0000000084400000, 0x0000000100000000)
  region size 1024K, 1 young (1024K), 1 survivors (1024K)
}
Event: 13.930 {heap Before GC invocations=12 (full 0):
 garbage-first heap   total reserved 2027520K, committed 71680K, used 59311K [0x0000000084400000, 0x0000000100000000)
  region size 1024K, 26 young (26624K), 1 survivors (1024K)
}
Event: 13.938 {heap After GC invocations=13 (full 0):
 garbage-first heap   total reserved 2027520K, committed 71680K, used 35169K [0x0000000084400000, 0x0000000100000000)
  region size 1024K, 2 young (2048K), 2 survivors (2048K)
}
Event: 21.733 {heap Before GC invocations=14 (full 0):
 garbage-first heap   total reserved 2027520K, committed 71680K, used 59745K [0x0000000084400000, 0x0000000100000000)
  region size 1024K, 28 young (28672K), 2 survivors (2048K)
}
Event: 21.739 {heap After GC invocations=15 (full 0):
 garbage-first heap   total reserved 2027520K, committed 71680K, used 35712K [0x0000000084400000, 0x0000000100000000)
  region size 1024K, 3 young (3072K), 3 survivors (3072K)
}
Event: 40.796 {heap Before GC invocations=15 (full 0):
 garbage-first heap   total reserved 2027520K, committed 71680K, used 61312K [0x0000000084400000, 0x0000000100000000)
  region size 1024K, 29 young (29696K), 3 survivors (3072K)
}
Event: 40.804 {heap After GC invocations=16 (full 0):
 garbage-first heap   total reserved 2027520K, committed 71680K, used 35237K [0x0000000084400000, 0x0000000100000000)
  region size 1024K, 3 young (3072K), 3 survivors (3072K)
}

